{
  "stats": {
    "suites": 1,
    "tests": 6,
    "passes": 6,
    "pending": 0,
    "failures": 0,
    "start": "2025-02-12T04:46:10.192Z",
    "end": "2025-02-12T04:46:24.591Z",
    "duration": 14399,
    "testsRegistered": 6,
    "passPercent": 100,
    "pendingPercent": 0,
    "other": 0,
    "hasOther": false,
    "skipped": 0,
    "hasSkipped": false
  },
  "results": [
    {
      "uuid": "047f51fb-4d86-4953-a2c0-3488a8e9a60f",
      "title": "",
      "fullFile": "cypress\\tests\\e2e\\login.cy.js",
      "file": "cypress\\tests\\e2e\\login.cy.js",
      "beforeHooks": [],
      "afterHooks": [],
      "tests": [],
      "suites": [
        {
          "uuid": "14ac1fc4-d2a1-4a42-9ec1-cfdbfe7367be",
          "title": "Login",
          "fullFile": "",
          "file": "",
          "beforeHooks": [],
          "afterHooks": [],
          "tests": [
            {
              "title": "Scenario 1: Login with valid credentials",
              "fullTitle": "Login Scenario 1: Login with valid credentials",
              "timedOut": null,
              "duration": 7051,
              "state": "passed",
              "speed": "medium",
              "pass": true,
              "fail": false,
              "pending": false,
              "context": null,
              "code": "cy.visit('/login');\ncy.get('#email').type('fulano@qa.com');\ncy.get('#password').type('teste');\ncy.get('button[type=\"submit\"]').click();\ncy.url().should('include', '/admin/home');",
              "err": {},
              "uuid": "7ab4395a-9059-4048-8292-2df4cf32d7ab",
              "parentUUID": "14ac1fc4-d2a1-4a42-9ec1-cfdbfe7367be",
              "isHook": false,
              "skipped": false
            },
            {
              "title": "Scenario 2: Login with blank obrigatory fields ",
              "fullTitle": "Login Scenario 2: Login with blank obrigatory fields ",
              "timedOut": null,
              "duration": 1691,
              "state": "passed",
              "speed": "fast",
              "pass": true,
              "fail": false,
              "pending": false,
              "context": null,
              "code": "cy.visit('/login');\ncy.get('button[type=\"submit\"]').click();\ncy.contains('Email é obrigatório').should('be.visible');\ncy.contains('Password é obrigatório').should('be.visible');",
              "err": {},
              "uuid": "aab7bbed-564c-493b-ae94-96541819376d",
              "parentUUID": "14ac1fc4-d2a1-4a42-9ec1-cfdbfe7367be",
              "isHook": false,
              "skipped": false
            },
            {
              "title": "Scenario 3: Login with credentials invalid (password)",
              "fullTitle": "Login Scenario 3: Login with credentials invalid (password)",
              "timedOut": null,
              "duration": 1704,
              "state": "passed",
              "speed": "fast",
              "pass": true,
              "fail": false,
              "pending": false,
              "context": null,
              "code": "cy.visit('/login');\ncy.get('#email').type('fulano@qa.com');\ncy.get('#password').type('eee');\ncy.get('button[type=\"submit\"]').click();\ncy.contains('Email e/ou senha inválidos').should('be.visible');",
              "err": {},
              "uuid": "91f58a26-5cb8-4cba-9dd5-19ac53561b10",
              "parentUUID": "14ac1fc4-d2a1-4a42-9ec1-cfdbfe7367be",
              "isHook": false,
              "skipped": false
            },
            {
              "title": "Scenario 4: Login with credentials invalid (e-mail)",
              "fullTitle": "Login Scenario 4: Login with credentials invalid (e-mail)",
              "timedOut": null,
              "duration": 1934,
              "state": "passed",
              "speed": "fast",
              "pass": true,
              "fail": false,
              "pending": false,
              "context": null,
              "code": "cy.visit('/login');\ncy.get('#email').type('incorrect@qa.com');\ncy.get('#password').type('teste');\ncy.get('button[type=\"submit\"]').click();\ncy.contains('Email e/ou senha inválidos').should('be.visible');",
              "err": {},
              "uuid": "869a41ed-2057-4387-b153-3138cc4ecb6d",
              "parentUUID": "14ac1fc4-d2a1-4a42-9ec1-cfdbfe7367be",
              "isHook": false,
              "skipped": false
            },
            {
              "title": "Scenario 5: Access Register page",
              "fullTitle": "Login Scenario 5: Access Register page",
              "timedOut": null,
              "duration": 999,
              "state": "passed",
              "speed": "fast",
              "pass": true,
              "fail": false,
              "pending": false,
              "context": null,
              "code": "cy.visit('/login');\ncy.contains('Cadastre-se').click();\ncy.url().should('include', '/cadastrarusuarios');\ncy.contains('Cadastro').should('be.visible');",
              "err": {},
              "uuid": "df8cb0e8-7ae8-4559-b034-ead6341a013a",
              "parentUUID": "14ac1fc4-d2a1-4a42-9ec1-cfdbfe7367be",
              "isHook": false,
              "skipped": false
            },
            {
              "title": "Scenario 6: Access Login page",
              "fullTitle": "Login Scenario 6: Access Login page",
              "timedOut": null,
              "duration": 870,
              "state": "passed",
              "speed": "fast",
              "pass": true,
              "fail": false,
              "pending": false,
              "context": null,
              "code": "cy.visit('/login');\ncy.contains('Login');\ncy.url().should('include', '/login');\ncy.contains('Login').should('be.visible');",
              "err": {},
              "uuid": "333462b7-2ebb-4189-9ae0-f9856affac77",
              "parentUUID": "14ac1fc4-d2a1-4a42-9ec1-cfdbfe7367be",
              "isHook": false,
              "skipped": false
            }
          ],
          "suites": [],
          "passes": [
            "7ab4395a-9059-4048-8292-2df4cf32d7ab",
            "aab7bbed-564c-493b-ae94-96541819376d",
            "91f58a26-5cb8-4cba-9dd5-19ac53561b10",
            "869a41ed-2057-4387-b153-3138cc4ecb6d",
            "df8cb0e8-7ae8-4559-b034-ead6341a013a",
            "333462b7-2ebb-4189-9ae0-f9856affac77"
          ],
          "failures": [],
          "pending": [],
          "skipped": [],
          "duration": 14249,
          "root": false,
          "rootEmpty": false,
          "_timeout": 2000
        }
      ],
      "passes": [],
      "failures": [],
      "pending": [],
      "skipped": [],
      "duration": 0,
      "root": true,
      "rootEmpty": true,
      "_timeout": 2000
    }
  ],
  "meta": {
    "mocha": {
      "version": "7.0.1"
    },
    "mochawesome": {
      "options": {
        "quiet": false,
        "reportFilename": "mochawesome",
        "saveHtml": true,
        "saveJson": true,
        "consoleReporter": "spec",
        "useInlineDiffs": false,
        "code": true
      },
      "version": "7.1.3"
    },
    "marge": {
      "options": {
        "reportDir": "cypress/reports",
        "overwrite": false,
        "html": true,
        "json": true
      },
      "version": "6.2.0"
    }
  }
}